<?xml version="1.0" encoding="UTF-8"?>
<!-- Generated by org.testng.reporters.JUnitXMLReporter -->
<testsuite ignored="0" hostname="DESKTOP-24G6BN3" failures="0" tests="3" name="Test" time="0.855" errors="0" timestamp="2022-11-13T01:27:20 CET">
  <testcase classname="MenuTest" name="shouldOpenAccessoriesPage" time="0.352"/>
  <testcase classname="MenuTest" name="shouldOpenClothesPage" time="0.224"/>
  <testcase classname="MenuTest" name="shouldOpenMainPage" time="0.25"/>
</testsuite> <!-- Test -->
