<?xml version="1.0" encoding="UTF-8"?>
<!-- Generated by org.testng.reporters.JUnitXMLReporter -->
<testsuite ignored="0" hostname="DESKTOP-24G6BN3" failures="0" tests="3" name="Test" time="0.769" errors="0" timestamp="2022-11-13T01:48:19 CET">
  <testcase classname="MenuTest" name="shouldOpenAccessoriesPage" time="0.28"/>
  <testcase classname="MenuTest" name="shouldOpenClothesPage" time="0.227"/>
  <testcase classname="MenuTest" name="shouldOpenMainPage" time="0.237"/>
</testsuite> <!-- Test -->
