<?xml version="1.0" encoding="UTF-8"?>
<testng-results ignored="0" total="3" passed="3" failed="0" skipped="0">
  <reporter-output>
  </reporter-output>
  <suite started-at="2022-11-13T01:27:19 CET" name=" Suite" finished-at="2022-11-13T01:27:20 CET" duration-ms="855">
    <groups>
    </groups>
    <test started-at="2022-11-13T01:27:19 CET" name="Test" finished-at="2022-11-13T01:27:20 CET" duration-ms="855">
      <class name="MenuTest">
        <test-method is-config="true" signature="setUp()[pri:0, instance:MenuTest@74ea2410]" started-at="2022-11-13T01:27:16 CET" name="setUp" finished-at="2022-11-13T01:27:19 CET" duration-ms="3481" status="PASS">
          <reporter-output>
          </reporter-output>
        </test-method> <!-- setUp -->
        <test-method signature="shouldOpenAccessoriesPage()[pri:0, instance:MenuTest@74ea2410]" started-at="2022-11-13T01:27:19 CET" name="shouldOpenAccessoriesPage" finished-at="2022-11-13T01:27:20 CET" duration-ms="352" status="PASS">
          <reporter-output>
          </reporter-output>
        </test-method> <!-- shouldOpenAccessoriesPage -->
        <test-method signature="shouldOpenClothesPage()[pri:0, instance:MenuTest@74ea2410]" started-at="2022-11-13T01:27:20 CET" name="shouldOpenClothesPage" finished-at="2022-11-13T01:27:20 CET" duration-ms="224" status="PASS">
          <reporter-output>
          </reporter-output>
        </test-method> <!-- shouldOpenClothesPage -->
        <test-method signature="shouldOpenMainPage()[pri:0, instance:MenuTest@74ea2410]" started-at="2022-11-13T01:27:20 CET" name="shouldOpenMainPage" finished-at="2022-11-13T01:27:20 CET" duration-ms="250" status="PASS">
          <reporter-output>
          </reporter-output>
        </test-method> <!-- shouldOpenMainPage -->
        <test-method is-config="true" signature="tearDown()[pri:0, instance:MenuTest@74ea2410]" started-at="2022-11-13T01:27:20 CET" name="tearDown" finished-at="2022-11-13T01:27:20 CET" duration-ms="296" status="PASS">
          <reporter-output>
          </reporter-output>
        </test-method> <!-- tearDown -->
      </class> <!-- MenuTest -->
    </test> <!-- Test -->
  </suite> <!--  Suite -->
</testng-results>
